c:\users\berkd\onedrive\desktop\repos\cppcoursework2020-v101\debug\courseworkbase2020.bsc
c:\users\berkd\onedrive\desktop\repos\cppcoursework2020-v101\debug\vc142.pdb
c:\users\berkd\onedrive\desktop\repos\cppcoursework2020-v101\debug\audiomanager.sbr
c:\users\berkd\onedrive\desktop\repos\cppcoursework2020-v101\debug\context.sbr
c:\users\berkd\onedrive\desktop\repos\cppcoursework2020-v101\debug\game.sbr
c:\users\berkd\onedrive\desktop\repos\cppcoursework2020-v101\debug\gamebuttons.sbr
c:\users\berkd\onedrive\desktop\repos\cppcoursework2020-v101\debug\gametiles.sbr
c:\users\berkd\onedrive\desktop\repos\cppcoursework2020-v101\debug\load.sbr
c:\users\berkd\onedrive\desktop\repos\cppcoursework2020-v101\debug\gamepiece.sbr
c:\users\berkd\onedrive\desktop\repos\cppcoursework2020-v101\debug\menu.sbr
c:\users\berkd\onedrive\desktop\repos\cppcoursework2020-v101\debug\play.sbr
c:\users\berkd\onedrive\desktop\repos\cppcoursework2020-v101\debug\psybd2engine.sbr
c:\users\berkd\onedrive\desktop\repos\cppcoursework2020-v101\debug\psybd2objecta.sbr
c:\users\berkd\onedrive\desktop\repos\cppcoursework2020-v101\debug\psybd2objectb.sbr
c:\users\berkd\onedrive\desktop\repos\cppcoursework2020-v101\debug\psybd2tilemanager.sbr
c:\users\berkd\onedrive\desktop\repos\cppcoursework2020-v101\debug\draggingdemo.sbr
c:\users\berkd\onedrive\desktop\repos\cppcoursework2020-v101\debug\drawingsurface.sbr
c:\users\berkd\onedrive\desktop\repos\cppcoursework2020-v101\debug\flashingdemo.sbr
c:\users\berkd\onedrive\desktop\repos\cppcoursework2020-v101\debug\imageobjectdemo.sbr
c:\users\berkd\onedrive\desktop\repos\cppcoursework2020-v101\debug\jigsawdemo.sbr
c:\users\berkd\onedrive\desktop\repos\cppcoursework2020-v101\debug\mainfunction.sbr
c:\users\berkd\onedrive\desktop\repos\cppcoursework2020-v101\debug\baseengine.sbr
c:\users\berkd\onedrive\desktop\repos\cppcoursework2020-v101\debug\baseengine.obj
c:\users\berkd\onedrive\desktop\repos\cppcoursework2020-v101\debug\jigsawdemo.obj
c:\users\berkd\onedrive\desktop\repos\cppcoursework2020-v101\debug\imageobjectdemo.obj
c:\users\berkd\onedrive\desktop\repos\cppcoursework2020-v101\debug\flashingdemo.obj
c:\users\berkd\onedrive\desktop\repos\cppcoursework2020-v101\debug\drawingsurface.obj
c:\users\berkd\onedrive\desktop\repos\cppcoursework2020-v101\debug\draggingdemo.obj
c:\users\berkd\onedrive\desktop\repos\cppcoursework2020-v101\debug\psybd2tilemanager.obj
c:\users\berkd\onedrive\desktop\repos\cppcoursework2020-v101\debug\psybd2objectb.obj
c:\users\berkd\onedrive\desktop\repos\cppcoursework2020-v101\debug\psybd2objecta.obj
c:\users\berkd\onedrive\desktop\repos\cppcoursework2020-v101\debug\psybd2engine.obj
c:\users\berkd\onedrive\desktop\repos\cppcoursework2020-v101\debug\play.obj
c:\users\berkd\onedrive\desktop\repos\cppcoursework2020-v101\debug\gamepiece.obj
c:\users\berkd\onedrive\desktop\repos\cppcoursework2020-v101\debug\load.obj
c:\users\berkd\onedrive\desktop\repos\cppcoursework2020-v101\debug\gametiles.obj
c:\users\berkd\onedrive\desktop\repos\cppcoursework2020-v101\debug\context.obj
c:\users\berkd\onedrive\desktop\repos\cppcoursework2020-v101\debug\audiomanager.obj
c:\users\berkd\onedrive\desktop\repos\cppcoursework2020-v101\debug\displayableobject.sbr
c:\users\berkd\onedrive\desktop\repos\cppcoursework2020-v101\debug\fontmanager.sbr
c:\users\berkd\onedrive\desktop\repos\cppcoursework2020-v101\debug\imagemappingdemo.sbr
c:\users\berkd\onedrive\desktop\repos\cppcoursework2020-v101\debug\mydemoa.sbr
c:\users\berkd\onedrive\desktop\repos\cppcoursework2020-v101\debug\myobjecta.sbr
c:\users\berkd\onedrive\desktop\repos\cppcoursework2020-v101\debug\mytilemanager.sbr
c:\users\berkd\onedrive\desktop\repos\cppcoursework2020-v101\debug\rules.sbr
c:\users\berkd\onedrive\desktop\repos\cppcoursework2020-v101\debug\simpleimage.sbr
c:\users\berkd\onedrive\desktop\repos\cppcoursework2020-v101\debug\jasonsdemoa.sbr
c:\users\berkd\onedrive\desktop\repos\cppcoursework2020-v101\debug\jasonsobjecta.sbr
c:\users\berkd\onedrive\desktop\repos\cppcoursework2020-v101\debug\jasonstilemanager.sbr
c:\users\berkd\onedrive\desktop\repos\cppcoursework2020-v101\debug\playingcardsdemo.sbr
c:\users\berkd\onedrive\desktop\repos\cppcoursework2020-v101\debug\rawimage.sbr
c:\users\berkd\onedrive\desktop\repos\cppcoursework2020-v101\debug\simpledemo.sbr
c:\users\berkd\onedrive\desktop\repos\cppcoursework2020-v101\debug\starfielddemo.sbr
c:\users\berkd\onedrive\desktop\repos\cppcoursework2020-v101\debug\tilemanager.sbr
c:\users\berkd\onedrive\desktop\repos\cppcoursework2020-v101\debug\bouncingball.sbr
c:\users\berkd\onedrive\desktop\repos\cppcoursework2020-v101\debug\bouncingballmain.sbr
c:\users\berkd\onedrive\desktop\repos\cppcoursework2020-v101\debug\zoomingdemo.sbr
c:\users\berkd\onedrive\desktop\repos\cppcoursework2020-v101\debug\zoomingdemo.obj
c:\users\berkd\onedrive\desktop\repos\cppcoursework2020-v101\debug\bouncingballmain.obj
c:\users\berkd\onedrive\desktop\repos\cppcoursework2020-v101\debug\bouncingball.obj
c:\users\berkd\onedrive\desktop\repos\cppcoursework2020-v101\debug\tilemanager.obj
c:\users\berkd\onedrive\desktop\repos\cppcoursework2020-v101\debug\starfielddemo.obj
c:\users\berkd\onedrive\desktop\repos\cppcoursework2020-v101\debug\simpledemo.obj
c:\users\berkd\onedrive\desktop\repos\cppcoursework2020-v101\debug\rawimage.obj
c:\users\berkd\onedrive\desktop\repos\cppcoursework2020-v101\debug\playingcardsdemo.obj
c:\users\berkd\onedrive\desktop\repos\cppcoursework2020-v101\debug\jasonstilemanager.obj
c:\users\berkd\onedrive\desktop\repos\cppcoursework2020-v101\debug\jasonsobjecta.obj
c:\users\berkd\onedrive\desktop\repos\cppcoursework2020-v101\debug\jasonsdemoa.obj
c:\users\berkd\onedrive\desktop\repos\cppcoursework2020-v101\debug\simpleimage.obj
c:\users\berkd\onedrive\desktop\repos\cppcoursework2020-v101\debug\rules.obj
c:\users\berkd\onedrive\desktop\repos\cppcoursework2020-v101\debug\mytilemanager.obj
c:\users\berkd\onedrive\desktop\repos\cppcoursework2020-v101\debug\myobjecta.obj
c:\users\berkd\onedrive\desktop\repos\cppcoursework2020-v101\debug\mydemoa.obj
c:\users\berkd\onedrive\desktop\repos\cppcoursework2020-v101\debug\imagemappingdemo.obj
c:\users\berkd\onedrive\desktop\repos\cppcoursework2020-v101\debug\fontmanager.obj
c:\users\berkd\onedrive\desktop\repos\cppcoursework2020-v101\debug\displayableobject.obj
c:\users\berkd\onedrive\desktop\repos\cppcoursework2020-v101\debug\mainfunction.obj
c:\users\berkd\onedrive\desktop\repos\cppcoursework2020-v101\debug\menu.obj
c:\users\berkd\onedrive\desktop\repos\cppcoursework2020-v101\debug\gamebuttons.obj
c:\users\berkd\onedrive\desktop\repos\cppcoursework2020-v101\debug\game.obj
c:\users\berkd\onedrive\desktop\repos\cppcoursework2020-v101\debug\mazedemomain.sbr
c:\users\berkd\onedrive\desktop\repos\cppcoursework2020-v101\debug\mazedemoobject.sbr
c:\users\berkd\onedrive\desktop\repos\cppcoursework2020-v101\debug\mazedemotilemanager.sbr
c:\users\berkd\onedrive\desktop\repos\cppcoursework2020-v101\debug\mazedemotilemanager.obj
c:\users\berkd\onedrive\desktop\repos\cppcoursework2020-v101\debug\mazedemoobject.obj
c:\users\berkd\onedrive\desktop\repos\cppcoursework2020-v101\debug\mazedemomain.obj
c:\users\berkd\onedrive\desktop\repos\cppcoursework2020-v101\debug\battle.sbr
c:\users\berkd\onedrive\desktop\repos\cppcoursework2020-v101\debug\battle.obj
c:\users\berkd\onedrive\desktop\repos\cppcoursework2020-v101\debug\courseworkbase2020.exe
c:\users\berkd\onedrive\desktop\repos\cppcoursework2020-v101\debug\courseworkbase2020.ilk
c:\users\berkd\onedrive\desktop\repos\cppcoursework2020-v101\src\map
c:\users\berkd\onedrive\desktop\repos\cppcoursework2020-v101\debug\courseworkbase2020.pdb
c:\users\berkd\onedrive\desktop\repos\cppcoursework2020-v101\/debug\courseworkbase2020.bsc
c:\users\berkd\onedrive\desktop\repos\cppcoursework2020-v101\/debug\courseworkbase2020.ilk
c:\users\berkd\onedrive\desktop\repos\cppcoursework2020-v101\debug\coursewo.63f64093.tlog\bscmake.command.1.tlog
c:\users\berkd\onedrive\desktop\repos\cppcoursework2020-v101\debug\coursewo.63f64093.tlog\bscmake.read.1.tlog
c:\users\berkd\onedrive\desktop\repos\cppcoursework2020-v101\debug\coursewo.63f64093.tlog\bscmake.write.1.tlog
c:\users\berkd\onedrive\desktop\repos\cppcoursework2020-v101\debug\coursewo.63f64093.tlog\cl.command.1.tlog
c:\users\berkd\onedrive\desktop\repos\cppcoursework2020-v101\debug\coursewo.63f64093.tlog\cl.read.1.tlog
c:\users\berkd\onedrive\desktop\repos\cppcoursework2020-v101\debug\coursewo.63f64093.tlog\cl.write.1.tlog
c:\users\berkd\onedrive\desktop\repos\cppcoursework2020-v101\debug\coursewo.63f64093.tlog\link.command.1.tlog
c:\users\berkd\onedrive\desktop\repos\cppcoursework2020-v101\debug\coursewo.63f64093.tlog\link.read.1.tlog
c:\users\berkd\onedrive\desktop\repos\cppcoursework2020-v101\debug\coursewo.63f64093.tlog\link.write.1.tlog
